 INFO     Setting up corpus information...                                                                                                    
 INFO     Loading corpus from source files...                                                                                                 
   1% ╸                                                                                                  1/100  [ 0:00:02 < -:--:-- , ? it/s ]
 INFO     Found 1 speaker across 1 file, average number of utterances per speaker: 1.0                                                        
 INFO     Initializing multiprocessing jobs...                                                                                                
 WARNING  Number of jobs was specified as 3, but due to only having 1 speakers, MFA will only use 1 jobs. Use the --single_speaker flag if you
          would like to split utterances across jobs regardless of their speaker.                                                             
 INFO     Normalizing text...                                                                                                                 
 100% ━━━━━━━━━━━━━━━━━━━━━━━━━━━━━━━━━━━━━━━━━━━━━━━━━━━━━━━━━━━━━━━━━━━━━━━━━━━━━━━━━━━━━━━━━━━━━━━━━━━━ 1/1  [ 0:00:01 < 0:00:00 , ? it/s ]
 INFO     Generating MFCCs...                                                                                                                 
 100% ━━━━━━━━━━━━━━━━━━━━━━━━━━━━━━━━━━━━━━━━━━━━━━━━━━━━━━━━━━━━━━━━━━━━━━━━━━━━━━━━━━━━━━━━━━━━━━━━━━━━ 1/1  [ 0:00:06 < 0:00:00 , ? it/s ]
 INFO     Calculating CMVN...                                                                                                                 
 INFO     Generating final features...                                                                                                        
 100% ━━━━━━━━━━━━━━━━━━━━━━━━━━━━━━━━━━━━━━━━━━━━━━━━━━━━━━━━━━━━━━━━━━━━━━━━━━━━━━━━━━━━━━━━━━━━━━━━━━━━ 1/1  [ 0:00:01 < 0:00:00 , ? it/s ]
 INFO     Creating corpus split...                                                                                                            
 100% ━━━━━━━━━━━━━━━━━━━━━━━━━━━━━━━━━━━━━━━━━━━━━━━━━━━━━━━━━━━━━━━━━━━━━━━━━━━━━━━━━━━━━━━━━━━━━━━━━━━━ 1/1  [ 0:00:01 < 0:00:00 , ? it/s ]
 INFO     Corpus                                                                                                                              
 INFO     1 sound files                                                                                                                       
 INFO     1 text files                                                                                                                        
 INFO     1 speakers                                                                                                                          
 INFO     1 utterances                                                                                                                        
 INFO     267.162 seconds total duration                                                                                                      
 INFO     Sound file read errors                                                                                                              
 INFO     There were no issues reading sound files.                                                                                           
 INFO     Feature generation                                                                                                                  
 INFO     There were no utterances missing features.                                                                                          
 INFO     Files without transcriptions                                                                                                        
 INFO     There were no sound files missing transcriptions.                                                                                   
 INFO     Transcriptions without sound files                                                                                                  
 INFO     There were no transcription files missing sound files.                                                                              
 INFO     Dictionary                                                                                                                          
 INFO     Out of vocabulary words                                                                                                             
 WARNING  21 OOV word types                                                                                                                   
 WARNING  67total OOV tokens                                                                                                                  
 WARNING  For a full list of the word types, please see: /mfa/4mfa/oovs_found.txt. For a by-utterance breakdown of missing words, see:        
          /mfa/4mfa/utterance_oovs.txt                                                                                                        
 INFO     Training                                                                                                                            
 INFO     Initializing training for monophone...                                                                                              
 INFO     Compiling training graphs...                                                                                                        
 INFO     Generating initial alignments...                                                                                                    
 100% ━━━━━━━━━━━━━━━━━━━━━━━━━━━━━━━━━━━━━━━━━━━━━━━━━━━━━━━━━━━━━━━━━━━━━━━━━━━━━━━━━━━━━━━━━━━━━━━━━━━━ 2/1  [ 0:00:01 < 0:00:00 , ? it/s ]
 INFO     Initialization complete!                                                                                                            
 INFO     monophone - Iteration 1 of 40                                                                                                       
 INFO     Generating alignments...                                                                                                            
 100% ━━━━━━━━━━━━━━━━━━━━━━━━━━━━━━━━━━━━━━━━━━━━━━━━━━━━━━━━━━━━━━━━━━━━━━━━━━━━━━━━━━━━━━━━━━━━━━━━━━━━ 1/1  [ 0:00:02 < 0:00:00 , ? it/s ]
 INFO     Accumulating statistics...                                                                                                          
 100% ━━━━━━━━━━━━━━━━━━━━━━━━━━━━━━━━━━━━━━━━━━━━━━━━━━━━━━━━━━━━━━━━━━━━━━━━━━━━━━━━━━━━━━━━━━━━━━━━━━━━ 2/1  [ 0:00:01 < 0:00:00 , ? it/s ]
 INFO     monophone - Iteration 2 of 40                                                                                                       
 INFO     Generating alignments...                                                                                                            
 100% ━━━━━━━━━━━━━━━━━━━━━━━━━━━━━━━━━━━━━━━━━━━━━━━━━━━━━━━━━━━━━━━━━━━━━━━━━━━━━━━━━━━━━━━━━━━━━━━━━━━━ 1/1  [ 0:00:02 < 0:00:00 , ? it/s ]
 INFO     Accumulating statistics...                                                                                                          
 100% ━━━━━━━━━━━━━━━━━━━━━━━━━━━━━━━━━━━━━━━━━━━━━━━━━━━━━━━━━━━━━━━━━━━━━━━━━━━━━━━━━━━━━━━━━━━━━━━━━━━━ 2/1  [ 0:00:01 < 0:00:00 , ? it/s ]
 INFO     monophone - Iteration 3 of 40                                                                                                       
 INFO     Generating alignments...                                                                                                            
 100% ━━━━━━━━━━━━━━━━━━━━━━━━━━━━━━━━━━━━━━━━━━━━━━━━━━━━━━━━━━━━━━━━━━━━━━━━━━━━━━━━━━━━━━━━━━━━━━━━━━━━ 1/1  [ 0:00:01 < 0:00:00 , ? it/s ]
 INFO     Accumulating statistics...                                                                                                          
 100% ━━━━━━━━━━━━━━━━━━━━━━━━━━━━━━━━━━━━━━━━━━━━━━━━━━━━━━━━━━━━━━━━━━━━━━━━━━━━━━━━━━━━━━━━━━━━━━━━━━━━ 2/1  [ 0:00:01 < 0:00:00 , ? it/s ]
 INFO     monophone - Iteration 4 of 40                                                                                                       
 INFO     Generating alignments...                                                                                                            
 100% ━━━━━━━━━━━━━━━━━━━━━━━━━━━━━━━━━━━━━━━━━━━━━━━━━━━━━━━━━━━━━━━━━━━━━━━━━━━━━━━━━━━━━━━━━━━━━━━━━━━━ 1/1  [ 0:00:01 < 0:00:00 , ? it/s ]
 INFO     Accumulating statistics...                                                                                                          
 100% ━━━━━━━━━━━━━━━━━━━━━━━━━━━━━━━━━━━━━━━━━━━━━━━━━━━━━━━━━━━━━━━━━━━━━━━━━━━━━━━━━━━━━━━━━━━━━━━━━━━━ 2/1  [ 0:00:01 < 0:00:00 , ? it/s ]
 INFO     monophone - Iteration 5 of 40                                                                                                       
 INFO     Generating alignments...                                                                                                            
 100% ━━━━━━━━━━━━━━━━━━━━━━━━━━━━━━━━━━━━━━━━━━━━━━━━━━━━━━━━━━━━━━━━━━━━━━━━━━━━━━━━━━━━━━━━━━━━━━━━━━━━ 1/1  [ 0:00:01 < 0:00:00 , ? it/s ]
 INFO     Accumulating statistics...                                                                                                          
 100% ━━━━━━━━━━━━━━━━━━━━━━━━━━━━━━━━━━━━━━━━━━━━━━━━━━━━━━━━━━━━━━━━━━━━━━━━━━━━━━━━━━━━━━━━━━━━━━━━━━━━ 2/1  [ 0:00:01 < 0:00:00 , ? it/s ]
 INFO     monophone - Iteration 6 of 40                                                                                                       
 INFO     Generating alignments...                                                                                                            
 100% ━━━━━━━━━━━━━━━━━━━━━━━━━━━━━━━━━━━━━━━━━━━━━━━━━━━━━━━━━━━━━━━━━━━━━━━━━━━━━━━━━━━━━━━━━━━━━━━━━━━━ 1/1  [ 0:00:01 < 0:00:00 , ? it/s ]
 INFO     Accumulating statistics...                                                                                                          
 100% ━━━━━━━━━━━━━━━━━━━━━━━━━━━━━━━━━━━━━━━━━━━━━━━━━━━━━━━━━━━━━━━━━━━━━━━━━━━━━━━━━━━━━━━━━━━━━━━━━━━━ 2/1  [ 0:00:01 < 0:00:00 , ? it/s ]
 INFO     monophone - Iteration 7 of 40                                                                                                       
 INFO     Generating alignments...                                                                                                            
 100% ━━━━━━━━━━━━━━━━━━━━━━━━━━━━━━━━━━━━━━━━━━━━━━━━━━━━━━━━━━━━━━━━━━━━━━━━━━━━━━━━━━━━━━━━━━━━━━━━━━━━ 1/1  [ 0:00:01 < 0:00:00 , ? it/s ]
 INFO     Accumulating statistics...                                                                                                          
 100% ━━━━━━━━━━━━━━━━━━━━━━━━━━━━━━━━━━━━━━━━━━━━━━━━━━━━━━━━━━━━━━━━━━━━━━━━━━━━━━━━━━━━━━━━━━━━━━━━━━━━ 2/1  [ 0:00:01 < 0:00:00 , ? it/s ]
 INFO     monophone - Iteration 8 of 40                                                                                                       
 INFO     Generating alignments...                                                                                                            
 100% ━━━━━━━━━━━━━━━━━━━━━━━━━━━━━━━━━━━━━━━━━━━━━━━━━━━━━━━━━━━━━━━━━━━━━━━━━━━━━━━━━━━━━━━━━━━━━━━━━━━━ 1/1  [ 0:00:01 < 0:00:00 , ? it/s ]
 INFO     Accumulating statistics...                                                                                                          
 100% ━━━━━━━━━━━━━━━━━━━━━━━━━━━━━━━━━━━━━━━━━━━━━━━━━━━━━━━━━━━━━━━━━━━━━━━━━━━━━━━━━━━━━━━━━━━━━━━━━━━━ 2/1  [ 0:00:01 < 0:00:00 , ? it/s ]
 INFO     monophone - Iteration 9 of 40                                                                                                       
 INFO     Generating alignments...                                                                                                            
 100% ━━━━━━━━━━━━━━━━━━━━━━━━━━━━━━━━━━━━━━━━━━━━━━━━━━━━━━━━━━━━━━━━━━━━━━━━━━━━━━━━━━━━━━━━━━━━━━━━━━━━ 1/1  [ 0:00:01 < 0:00:00 , ? it/s ]
 INFO     Accumulating statistics...                                                                                                          
 100% ━━━━━━━━━━━━━━━━━━━━━━━━━━━━━━━━━━━━━━━━━━━━━━━━━━━━━━━━━━━━━━━━━━━━━━━━━━━━━━━━━━━━━━━━━━━━━━━━━━━━ 2/1  [ 0:00:01 < 0:00:00 , ? it/s ]
 INFO     monophone - Iteration 10 of 40                                                                                                      
 INFO     Generating alignments...                                                                                                            
 100% ━━━━━━━━━━━━━━━━━━━━━━━━━━━━━━━━━━━━━━━━━━━━━━━━━━━━━━━━━━━━━━━━━━━━━━━━━━━━━━━━━━━━━━━━━━━━━━━━━━━━ 1/1  [ 0:00:01 < 0:00:00 , ? it/s ]
 INFO     Accumulating statistics...                                                                                                          
 100% ━━━━━━━━━━━━━━━━━━━━━━━━━━━━━━━━━━━━━━━━━━━━━━━━━━━━━━━━━━━━━━━━━━━━━━━━━━━━━━━━━━━━━━━━━━━━━━━━━━━━ 2/1  [ 0:00:01 < 0:00:00 , ? it/s ]
 INFO     monophone - Iteration 11 of 40                                                                                                      
 INFO     Accumulating statistics...                                                                                                          
 100% ━━━━━━━━━━━━━━━━━━━━━━━━━━━━━━━━━━━━━━━━━━━━━━━━━━━━━━━━━━━━━━━━━━━━━━━━━━━━━━━━━━━━━━━━━━━━━━━━━━━━ 2/1  [ 0:00:01 < 0:00:00 , ? it/s ]
 INFO     monophone - Iteration 12 of 40                                                                                                      
 INFO     Generating alignments...                                                                                                            
 100% ━━━━━━━━━━━━━━━━━━━━━━━━━━━━━━━━━━━━━━━━━━━━━━━━━━━━━━━━━━━━━━━━━━━━━━━━━━━━━━━━━━━━━━━━━━━━━━━━━━━━ 1/1  [ 0:00:01 < 0:00:00 , ? it/s ]
 INFO     Accumulating statistics...                                                                                                          
 100% ━━━━━━━━━━━━━━━━━━━━━━━━━━━━━━━━━━━━━━━━━━━━━━━━━━━━━━━━━━━━━━━━━━━━━━━━━━━━━━━━━━━━━━━━━━━━━━━━━━━━ 2/1  [ 0:00:01 < 0:00:00 , ? it/s ]
 INFO     monophone - Iteration 13 of 40                                                                                                      
 INFO     Accumulating statistics...                                                                                                          
 100% ━━━━━━━━━━━━━━━━━━━━━━━━━━━━━━━━━━━━━━━━━━━━━━━━━━━━━━━━━━━━━━━━━━━━━━━━━━━━━━━━━━━━━━━━━━━━━━━━━━━━ 2/1  [ 0:00:01 < 0:00:00 , ? it/s ]
 INFO     monophone - Iteration 14 of 40                                                                                                      
 INFO     Generating alignments...                                                                                                            
 100% ━━━━━━━━━━━━━━━━━━━━━━━━━━━━━━━━━━━━━━━━━━━━━━━━━━━━━━━━━━━━━━━━━━━━━━━━━━━━━━━━━━━━━━━━━━━━━━━━━━━━ 1/1  [ 0:00:01 < 0:00:00 , ? it/s ]
 INFO     Accumulating statistics...                                                                                                          
 100% ━━━━━━━━━━━━━━━━━━━━━━━━━━━━━━━━━━━━━━━━━━━━━━━━━━━━━━━━━━━━━━━━━━━━━━━━━━━━━━━━━━━━━━━━━━━━━━━━━━━━ 2/1  [ 0:00:01 < 0:00:00 , ? it/s ]
 INFO     monophone - Iteration 15 of 40                                                                                                      
 INFO     Accumulating statistics...                                                                                                          
 100% ━━━━━━━━━━━━━━━━━━━━━━━━━━━━━━━━━━━━━━━━━━━━━━━━━━━━━━━━━━━━━━━━━━━━━━━━━━━━━━━━━━━━━━━━━━━━━━━━━━━━ 2/1  [ 0:00:01 < 0:00:00 , ? it/s ]
 INFO     monophone - Iteration 16 of 40                                                                                                      
 INFO     Generating alignments...                                                                                                            
 100% ━━━━━━━━━━━━━━━━━━━━━━━━━━━━━━━━━━━━━━━━━━━━━━━━━━━━━━━━━━━━━━━━━━━━━━━━━━━━━━━━━━━━━━━━━━━━━━━━━━━━ 1/1  [ 0:00:01 < 0:00:00 , ? it/s ]
 INFO     Accumulating statistics...                                                                                                          
 100% ━━━━━━━━━━━━━━━━━━━━━━━━━━━━━━━━━━━━━━━━━━━━━━━━━━━━━━━━━━━━━━━━━━━━━━━━━━━━━━━━━━━━━━━━━━━━━━━━━━━━ 2/1  [ 0:00:01 < 0:00:00 , ? it/s ]
 INFO     monophone - Iteration 17 of 40                                                                                                      
 INFO     Accumulating statistics...                                                                                                          
 100% ━━━━━━━━━━━━━━━━━━━━━━━━━━━━━━━━━━━━━━━━━━━━━━━━━━━━━━━━━━━━━━━━━━━━━━━━━━━━━━━━━━━━━━━━━━━━━━━━━━━━ 2/1  [ 0:00:01 < 0:00:00 , ? it/s ]
 INFO     monophone - Iteration 18 of 40                                                                                                      
 INFO     Generating alignments...                                                                                                            
 100% ━━━━━━━━━━━━━━━━━━━━━━━━━━━━━━━━━━━━━━━━━━━━━━━━━━━━━━━━━━━━━━━━━━━━━━━━━━━━━━━━━━━━━━━━━━━━━━━━━━━━ 1/1  [ 0:00:01 < 0:00:00 , ? it/s ]
 INFO     Accumulating statistics...                                                                                                          
 100% ━━━━━━━━━━━━━━━━━━━━━━━━━━━━━━━━━━━━━━━━━━━━━━━━━━━━━━━━━━━━━━━━━━━━━━━━━━━━━━━━━━━━━━━━━━━━━━━━━━━━ 2/1  [ 0:00:01 < 0:00:00 , ? it/s ]
 INFO     monophone - Iteration 19 of 40                                                                                                      
 INFO     Accumulating statistics...                                                                                                          
 100% ━━━━━━━━━━━━━━━━━━━━━━━━━━━━━━━━━━━━━━━━━━━━━━━━━━━━━━━━━━━━━━━━━━━━━━━━━━━━━━━━━━━━━━━━━━━━━━━━━━━━ 2/1  [ 0:00:01 < 0:00:00 , ? it/s ]
 INFO     monophone - Iteration 20 of 40                                                                                                      
 INFO     Generating alignments...                                                                                                            
 100% ━━━━━━━━━━━━━━━━━━━━━━━━━━━━━━━━━━━━━━━━━━━━━━━━━━━━━━━━━━━━━━━━━━━━━━━━━━━━━━━━━━━━━━━━━━━━━━━━━━━━ 1/1  [ 0:00:01 < 0:00:00 , ? it/s ]
 INFO     Accumulating statistics...                                                                                                          
 100% ━━━━━━━━━━━━━━━━━━━━━━━━━━━━━━━━━━━━━━━━━━━━━━━━━━━━━━━━━━━━━━━━━━━━━━━━━━━━━━━━━━━━━━━━━━━━━━━━━━━━ 2/1  [ 0:00:01 < 0:00:00 , ? it/s ]
 INFO     monophone - Iteration 21 of 40                                                                                                      
 INFO     Accumulating statistics...                                                                                                          
 100% ━━━━━━━━━━━━━━━━━━━━━━━━━━━━━━━━━━━━━━━━━━━━━━━━━━━━━━━━━━━━━━━━━━━━━━━━━━━━━━━━━━━━━━━━━━━━━━━━━━━━ 2/1  [ 0:00:01 < 0:00:00 , ? it/s ]
 INFO     monophone - Iteration 22 of 40                                                                                                      
 INFO     Accumulating statistics...                                                                                                          
 100% ━━━━━━━━━━━━━━━━━━━━━━━━━━━━━━━━━━━━━━━━━━━━━━━━━━━━━━━━━━━━━━━━━━━━━━━━━━━━━━━━━━━━━━━━━━━━━━━━━━━━ 2/1  [ 0:00:01 < 0:00:00 , ? it/s ]
 INFO     monophone - Iteration 23 of 40                                                                                                      
 INFO     Generating alignments...                                                                                                            
 100% ━━━━━━━━━━━━━━━━━━━━━━━━━━━━━━━━━━━━━━━━━━━━━━━━━━━━━━━━━━━━━━━━━━━━━━━━━━━━━━━━━━━━━━━━━━━━━━━━━━━━ 1/1  [ 0:00:01 < 0:00:00 , ? it/s ]
 INFO     Accumulating statistics...                                                                                                          
 100% ━━━━━━━━━━━━━━━━━━━━━━━━━━━━━━━━━━━━━━━━━━━━━━━━━━━━━━━━━━━━━━━━━━━━━━━━━━━━━━━━━━━━━━━━━━━━━━━━━━━━ 2/1  [ 0:00:01 < 0:00:00 , ? it/s ]
 INFO     monophone - Iteration 24 of 40                                                                                                      
 INFO     Accumulating statistics...                                                                                                          
 100% ━━━━━━━━━━━━━━━━━━━━━━━━━━━━━━━━━━━━━━━━━━━━━━━━━━━━━━━━━━━━━━━━━━━━━━━━━━━━━━━━━━━━━━━━━━━━━━━━━━━━ 2/1  [ 0:00:01 < 0:00:00 , ? it/s ]
 INFO     monophone - Iteration 25 of 40                                                                                                      
 INFO     Accumulating statistics...                                                                                                          
 100% ━━━━━━━━━━━━━━━━━━━━━━━━━━━━━━━━━━━━━━━━━━━━━━━━━━━━━━━━━━━━━━━━━━━━━━━━━━━━━━━━━━━━━━━━━━━━━━━━━━━━ 2/1  [ 0:00:01 < 0:00:00 , ? it/s ]
 INFO     monophone - Iteration 26 of 40                                                                                                      
 INFO     Generating alignments...                                                                                                            
 100% ━━━━━━━━━━━━━━━━━━━━━━━━━━━━━━━━━━━━━━━━━━━━━━━━━━━━━━━━━━━━━━━━━━━━━━━━━━━━━━━━━━━━━━━━━━━━━━━━━━━━ 1/1  [ 0:00:01 < 0:00:00 , ? it/s ]
 INFO     Accumulating statistics...                                                                                                          
 100% ━━━━━━━━━━━━━━━━━━━━━━━━━━━━━━━━━━━━━━━━━━━━━━━━━━━━━━━━━━━━━━━━━━━━━━━━━━━━━━━━━━━━━━━━━━━━━━━━━━━━ 2/1  [ 0:00:01 < 0:00:00 , ? it/s ]
 INFO     monophone - Iteration 27 of 40                                                                                                      
 INFO     Accumulating statistics...                                                                                                          
 100% ━━━━━━━━━━━━━━━━━━━━━━━━━━━━━━━━━━━━━━━━━━━━━━━━━━━━━━━━━━━━━━━━━━━━━━━━━━━━━━━━━━━━━━━━━━━━━━━━━━━━ 2/1  [ 0:00:01 < 0:00:00 , ? it/s ]
 INFO     monophone - Iteration 28 of 40                                                                                                      
 INFO     Accumulating statistics...                                                                                                          
 100% ━━━━━━━━━━━━━━━━━━━━━━━━━━━━━━━━━━━━━━━━━━━━━━━━━━━━━━━━━━━━━━━━━━━━━━━━━━━━━━━━━━━━━━━━━━━━━━━━━━━━ 2/1  [ 0:00:01 < 0:00:00 , ? it/s ]
 INFO     monophone - Iteration 29 of 40                                                                                                      
 INFO     Generating alignments...                                                                                                            
 100% ━━━━━━━━━━━━━━━━━━━━━━━━━━━━━━━━━━━━━━━━━━━━━━━━━━━━━━━━━━━━━━━━━━━━━━━━━━━━━━━━━━━━━━━━━━━━━━━━━━━━ 1/1  [ 0:00:01 < 0:00:00 , ? it/s ]
 INFO     Accumulating statistics...                                                                                                          
 100% ━━━━━━━━━━━━━━━━━━━━━━━━━━━━━━━━━━━━━━━━━━━━━━━━━━━━━━━━━━━━━━━━━━━━━━━━━━━━━━━━━━━━━━━━━━━━━━━━━━━━ 2/1  [ 0:00:01 < 0:00:00 , ? it/s ]
 INFO     monophone - Iteration 30 of 40                                                                                                      
 INFO     Accumulating statistics...                                                                                                          
 100% ━━━━━━━━━━━━━━━━━━━━━━━━━━━━━━━━━━━━━━━━━━━━━━━━━━━━━━━━━━━━━━━━━━━━━━━━━━━━━━━━━━━━━━━━━━━━━━━━━━━━ 2/1  [ 0:00:01 < 0:00:00 , ? it/s ]
 INFO     monophone - Iteration 31 of 40                                                                                                      
 INFO     Accumulating statistics...                                                                                                          
 100% ━━━━━━━━━━━━━━━━━━━━━━━━━━━━━━━━━━━━━━━━━━━━━━━━━━━━━━━━━━━━━━━━━━━━━━━━━━━━━━━━━━━━━━━━━━━━━━━━━━━━ 2/1  [ 0:00:01 < 0:00:00 , ? it/s ]
 INFO     monophone - Iteration 32 of 40                                                                                                      
 INFO     Generating alignments...                                                                                                            
 100% ━━━━━━━━━━━━━━━━━━━━━━━━━━━━━━━━━━━━━━━━━━━━━━━━━━━━━━━━━━━━━━━━━━━━━━━━━━━━━━━━━━━━━━━━━━━━━━━━━━━━ 1/1  [ 0:00:01 < 0:00:00 , ? it/s ]
 INFO     Accumulating statistics...                                                                                                          
 100% ━━━━━━━━━━━━━━━━━━━━━━━━━━━━━━━━━━━━━━━━━━━━━━━━━━━━━━━━━━━━━━━━━━━━━━━━━━━━━━━━━━━━━━━━━━━━━━━━━━━━ 2/1  [ 0:00:01 < 0:00:00 , ? it/s ]
 INFO     monophone - Iteration 33 of 40                                                                                                      
 INFO     Accumulating statistics...                                                                                                          
 100% ━━━━━━━━━━━━━━━━━━━━━━━━━━━━━━━━━━━━━━━━━━━━━━━━━━━━━━━━━━━━━━━━━━━━━━━━━━━━━━━━━━━━━━━━━━━━━━━━━━━━ 2/1  [ 0:00:01 < 0:00:00 , ? it/s ]
 INFO     monophone - Iteration 34 of 40                                                                                                      
 INFO     Accumulating statistics...                                                                                                          
 100% ━━━━━━━━━━━━━━━━━━━━━━━━━━━━━━━━━━━━━━━━━━━━━━━━━━━━━━━━━━━━━━━━━━━━━━━━━━━━━━━━━━━━━━━━━━━━━━━━━━━━ 2/1  [ 0:00:01 < 0:00:00 , ? it/s ]
 INFO     monophone - Iteration 35 of 40                                                                                                      
 INFO     Generating alignments...                                                                                                            
 100% ━━━━━━━━━━━━━━━━━━━━━━━━━━━━━━━━━━━━━━━━━━━━━━━━━━━━━━━━━━━━━━━━━━━━━━━━━━━━━━━━━━━━━━━━━━━━━━━━━━━━ 1/1  [ 0:00:01 < 0:00:00 , ? it/s ]
 INFO     Accumulating statistics...                                                                                                          
 100% ━━━━━━━━━━━━━━━━━━━━━━━━━━━━━━━━━━━━━━━━━━━━━━━━━━━━━━━━━━━━━━━━━━━━━━━━━━━━━━━━━━━━━━━━━━━━━━━━━━━━ 2/1  [ 0:00:01 < 0:00:00 , ? it/s ]
 INFO     monophone - Iteration 36 of 40                                                                                                      
 INFO     Accumulating statistics...                                                                                                          
 100% ━━━━━━━━━━━━━━━━━━━━━━━━━━━━━━━━━━━━━━━━━━━━━━━━━━━━━━━━━━━━━━━━━━━━━━━━━━━━━━━━━━━━━━━━━━━━━━━━━━━━ 2/1  [ 0:00:01 < 0:00:00 , ? it/s ]
 INFO     monophone - Iteration 37 of 40                                                                                                      
 INFO     Accumulating statistics...                                                                                                          
 100% ━━━━━━━━━━━━━━━━━━━━━━━━━━━━━━━━━━━━━━━━━━━━━━━━━━━━━━━━━━━━━━━━━━━━━━━━━━━━━━━━━━━━━━━━━━━━━━━━━━━━ 2/1  [ 0:00:01 < 0:00:00 , ? it/s ]
 INFO     monophone - Iteration 38 of 40                                                                                                      
 INFO     Generating alignments...                                                                                                            
 100% ━━━━━━━━━━━━━━━━━━━━━━━━━━━━━━━━━━━━━━━━━━━━━━━━━━━━━━━━━━━━━━━━━━━━━━━━━━━━━━━━━━━━━━━━━━━━━━━━━━━━ 1/1  [ 0:00:01 < 0:00:00 , ? it/s ]
 INFO     Accumulating statistics...                                                                                                          
 100% ━━━━━━━━━━━━━━━━━━━━━━━━━━━━━━━━━━━━━━━━━━━━━━━━━━━━━━━━━━━━━━━━━━━━━━━━━━━━━━━━━━━━━━━━━━━━━━━━━━━━ 2/1  [ 0:00:01 < 0:00:00 , ? it/s ]
 INFO     monophone - Iteration 39 of 40                                                                                                      
 INFO     Accumulating statistics...                                                                                                          
 100% ━━━━━━━━━━━━━━━━━━━━━━━━━━━━━━━━━━━━━━━━━━━━━━━━━━━━━━━━━━━━━━━━━━━━━━━━━━━━━━━━━━━━━━━━━━━━━━━━━━━━ 2/1  [ 0:00:01 < 0:00:00 , ? it/s ]
 INFO     monophone - Iteration 40 of 40                                                                                                      
 INFO     Accumulating statistics...                                                                                                          
 100% ━━━━━━━━━━━━━━━━━━━━━━━━━━━━━━━━━━━━━━━━━━━━━━━━━━━━━━━━━━━━━━━━━━━━━━━━━━━━━━━━━━━━━━━━━━━━━━━━━━━━ 2/1  [ 0:00:01 < 0:00:00 , ? it/s ]
 INFO     Training complete!                                                                                                                  
 INFO     Compiling training graphs...                                                                                                        
 INFO     Generating alignments...                                                                                                            
 100% ━━━━━━━━━━━━━━━━━━━━━━━━━━━━━━━━━━━━━━━━━━━━━━━━━━━━━━━━━━━━━━━━━━━━━━━━━━━━━━━━━━━━━━━━━━━━━━━━━━━━ 1/1  [ 0:00:01 < 0:00:00 , ? it/s ]
 INFO     Accumulating transition stats...                                                                                                    
 100% ━━━━━━━━━━━━━━━━━━━━━━━━━━━━━━━━━━━━━━━━━━━━━━━━━━━━━━━━━━━━━━━━━━━━━━━━━━━━━━━━━━━━━━━━━━━━━━━━━━━━ 2/1  [ 0:00:01 < 0:00:00 , ? it/s ]
 INFO     Finished accumulating transition stats!                                                                                             
 INFO     Collecting phone and word alignments from monophone_ali lattices...                                                                 
 100% ━━━━━━━━━━━━━━━━━━━━━━━━━━━━━━━━━━━━━━━━━━━━━━━━━━━━━━━━━━━━━━━━━━━━━━━━━━━━━━━━━━━━━━━━━━━━━━━━━━━━ 1/1  [ 0:00:02 < 0:00:00 , ? it/s ]
 WARNING  Alignment analysis not available without using postgresql                                                                           
 INFO     Beginning phone LM training...                                                                                                      
 INFO     Collecting training data...                                                                                                         
 100% ━━━━━━━━━━━━━━━━━━━━━━━━━━━━━━━━━━━━━━━━━━━━━━━━━━━━━━━━━━━━━━━━━━━━━━━━━━━━━━━━━━━━━━━━━━━━━━━━━━━━ 1/1  [ 0:00:01 < 0:00:00 , ? it/s ]
 INFO     Training model...                                                                                                                   
 INFO     Completed training in 82.29838490486145 seconds!                                                                                    
 INFO     Done! Everything took 119.607 seconds                                                                                               
 INFO     Setting up corpus information...                                                                                                    
 INFO     Loading corpus from source files...                                                                                                 
   1% ╸                                                                                                  1/100  [ 0:00:01 < -:--:-- , ? it/s ]
 INFO     Found 1 speaker across 1 file, average number of utterances per speaker: 1.0                                                        
 INFO     Initializing multiprocessing jobs...                                                                                                
 WARNING  Number of jobs was specified as 3, but due to only having 1 speakers, MFA will only use 1 jobs. Use the --single_speaker flag if you
          would like to split utterances across jobs regardless of their speaker.                                                             
 INFO     Normalizing text...                                                                                                                 
 100% ━━━━━━━━━━━━━━━━━━━━━━━━━━━━━━━━━━━━━━━━━━━━━━━━━━━━━━━━━━━━━━━━━━━━━━━━━━━━━━━━━━━━━━━━━━━━━━━━━━━━ 1/1  [ 0:00:01 < 0:00:00 , ? it/s ]
 INFO     Generating MFCCs...                                                                                                                 
 100% ━━━━━━━━━━━━━━━━━━━━━━━━━━━━━━━━━━━━━━━━━━━━━━━━━━━━━━━━━━━━━━━━━━━━━━━━━━━━━━━━━━━━━━━━━━━━━━━━━━━━ 1/1  [ 0:00:01 < 0:00:00 , ? it/s ]
 INFO     Calculating CMVN...                                                                                                                 
 INFO     Generating final features...                                                                                                        
 100% ━━━━━━━━━━━━━━━━━━━━━━━━━━━━━━━━━━━━━━━━━━━━━━━━━━━━━━━━━━━━━━━━━━━━━━━━━━━━━━━━━━━━━━━━━━━━━━━━━━━━ 1/1  [ 0:00:01 < 0:00:00 , ? it/s ]
 INFO     Creating corpus split...                                                                                                            
 100% ━━━━━━━━━━━━━━━━━━━━━━━━━━━━━━━━━━━━━━━━━━━━━━━━━━━━━━━━━━━━━━━━━━━━━━━━━━━━━━━━━━━━━━━━━━━━━━━━━━━━ 1/1  [ 0:00:01 < 0:00:00 , ? it/s ]
 INFO     Compiling training graphs...                                                                                                        
 INFO     Performing first-pass alignment...                                                                                                  
 INFO     Generating alignments...                                                                                                            
 100% ━━━━━━━━━━━━━━━━━━━━━━━━━━━━━━━━━━━━━━━━━━━━━━━━━━━━━━━━━━━━━━━━━━━━━━━━━━━━━━━━━━━━━━━━━━━━━━━━━━━━ 1/1  [ 0:00:04 < 0:00:00 , ? it/s ]
 ERROR    There was an error in the run, please see the log.                                                                                  
Exception ignored in atexit callback: <bound method ExitHooks.history_save_handler of <montreal_forced_aligner.command_line.mfa.ExitHooks object at 0x7f27ea804150>>
Traceback (most recent call last):
  File "/env/lib/python3.11/site-packages/montreal_forced_aligner/command_line/mfa.py", line 106, in history_save_handler
    raise self.exception
  File "/env/bin/mfa", line 8, in <module>
    sys.exit(mfa_cli())
             ^^^^^^^^^
  File "/env/lib/python3.11/site-packages/rich_click/rich_command.py", line 367, in __call__
    return super().__call__(*args, **kwargs)
           ^^^^^^^^^^^^^^^^^^^^^^^^^^^^^^^^^
  File "/env/lib/python3.11/site-packages/click/core.py", line 1157, in __call__
    return self.main(*args, **kwargs)
           ^^^^^^^^^^^^^^^^^^^^^^^^^^
  File "/env/lib/python3.11/site-packages/rich_click/rich_command.py", line 152, in main
    rv = self.invoke(ctx)
         ^^^^^^^^^^^^^^^^
  File "/env/lib/python3.11/site-packages/click/core.py", line 1688, in invoke
    return _process_result(sub_ctx.command.invoke(sub_ctx))
                           ^^^^^^^^^^^^^^^^^^^^^^^^^^^^^^^
  File "/env/lib/python3.11/site-packages/click/core.py", line 1434, in invoke
    return ctx.invoke(self.callback, **ctx.params)
           ^^^^^^^^^^^^^^^^^^^^^^^^^^^^^^^^^^^^^^^
  File "/env/lib/python3.11/site-packages/click/core.py", line 783, in invoke
    return __callback(*args, **kwargs)
           ^^^^^^^^^^^^^^^^^^^^^^^^^^^
  File "/env/lib/python3.11/site-packages/click/decorators.py", line 33, in new_func
    return f(get_current_context(), *args, **kwargs)
           ^^^^^^^^^^^^^^^^^^^^^^^^^^^^^^^^^^^^^^^^^
  File "/env/lib/python3.11/site-packages/montreal_forced_aligner/command_line/align.py", line 122, in align_corpus_cli
    aligner.align()
  File "/env/lib/python3.11/site-packages/montreal_forced_aligner/alignment/pretrained.py", line 334, in align
    super().align()
  File "/env/lib/python3.11/site-packages/montreal_forced_aligner/alignment/base.py", line 373, in align
    self.align_utterances()
  File "/env/lib/python3.11/site-packages/montreal_forced_aligner/alignment/mixins.py", line 305, in align_utterances
    raise NoAlignmentsError(self.num_current_utterances, self.beam, self.retry_beam)
montreal_forced_aligner.exceptions.NoAlignmentsError: NoAlignmentsError:

There were no successful alignments for 1 utterances.
The current set up used a beam of 10 and a retry beam of 40.
You can try rerunning with a larger beam (i.e. "mfa align ... --beam 100 --retry_beam 400").
If increasing the beam size does not help, then there are likely issues with the corpus, dictionary, or acoustic model, and can be further diagnosed with the "mfa validate" command
