----- Download models -----
Local version of model already exists (/mfa/pretrained_models/acoustic/english_us_arpa.zip). Use the --ignore_cache flag to force redownloading.
Local version of model already exists (/mfa/pretrained_models/dictionary/english_us_arpa.dict). Use the --ignore_cache flag to force redownloading.
----- validate files -----
 INFO     Setting up corpus information...                                                                                                    
 INFO     Found 1 speaker across 1 file, average number of utterances per speaker: 1.0                                                        
 INFO     Initializing multiprocessing jobs...                                                                                                
 INFO     Text already normalized.                                                                                                            
 INFO     Features already generated.                                                                                                         
 INFO     Corpus                                                                                                                              
 INFO     1 sound files                                                                                                                       
 INFO     1 text files                                                                                                                        
 INFO     1 speakers                                                                                                                          
 INFO     1 utterances                                                                                                                        
 INFO     267.162 seconds total duration                                                                                                      
 INFO     Sound file read errors                                                                                                              
 INFO     There were no issues reading sound files.                                                                                           
 INFO     Feature generation                                                                                                                  
 INFO     There were no utterances missing features.                                                                                          
 INFO     Files without transcriptions                                                                                                        
 INFO     There were no sound files missing transcriptions.                                                                                   
 INFO     Transcriptions without sound files                                                                                                  
 INFO     There were no transcription files missing sound files.                                                                              
 INFO     Dictionary                                                                                                                          
 INFO     Out of vocabulary words                                                                                                             
 WARNING  21 OOV word types                                                                                                                   
 WARNING  67total OOV tokens                                                                                                                  
 WARNING  For a full list of the word types, please see: /mfa/4mfa/oovs_found.txt. For a by-utterance breakdown of missing words, see:        
          /mfa/4mfa/utterance_oovs.txt                                                                                                        
 INFO     Training                                                                                                                            
 INFO     Initializing training for monophone...                                                                                              
 INFO     Compiling training graphs...                                                                                                        
 INFO     Generating initial alignments...                                                                                                    
 100% ━━━━━━━━━━━━━━━━━━━━━━━━━━━━━━━━━━━━━━━━━━━━━━━━━━━━━━━━━━━━━━━━━━━━━━━━━━━━━━━━━━━━━━━━━━━━━━━━━━━━ 2/1  [ 0:00:01 < 0:00:00 , ? it/s ]
 INFO     Initialization complete!                                                                                                            
 INFO     monophone - Iteration 1 of 40                                                                                                       
 INFO     Generating alignments...                                                                                                            
 100% ━━━━━━━━━━━━━━━━━━━━━━━━━━━━━━━━━━━━━━━━━━━━━━━━━━━━━━━━━━━━━━━━━━━━━━━━━━━━━━━━━━━━━━━━━━━━━━━━━━━━ 1/1  [ 0:00:18 < 0:00:00 , ? it/s ]
 INFO     Accumulating statistics...                                                                                                          
 100% ━━━━━━━━━━━━━━━━━━━━━━━━━━━━━━━━━━━━━━━━━━━━━━━━━━━━━━━━━━━━━━━━━━━━━━━━━━━━━━━━━━━━━━━━━━━━━━━━━━━━ 2/1  [ 0:00:01 < 0:00:00 , ? it/s ]
 INFO     monophone - Iteration 2 of 40                                                                                                       
 INFO     Generating alignments...                                                                                                            
 100% ━━━━━━━━━━━━━━━━━━━━━━━━━━━━━━━━━━━━━━━━━━━━━━━━━━━━━━━━━━━━━━━━━━━━━━━━━━━━━━━━━━━━━━━━━━━━━━━━━━━━ 1/1  [ 0:00:06 < 0:00:00 , ? it/s ]
 INFO     Accumulating statistics...                                                                                                          
 100% ━━━━━━━━━━━━━━━━━━━━━━━━━━━━━━━━━━━━━━━━━━━━━━━━━━━━━━━━━━━━━━━━━━━━━━━━━━━━━━━━━━━━ 2/1  [ 0:00:01 < 0:00:00 , ? it/s ]
 INFO     monophone - Iteration 3 of 40                                                                                       
 INFO     Generating alignments...                                                                                            
 100% ━━━━━━━━━━━━━━━━━━━━━━━━━━━━━━━━━━━━━━━━━━━━━━━━━━━━━━━━━━━━━━━━━━━━━━━━━━━━━━━━━━━━ 1/1  [ 0:00:05 < 0:00:00 , ? it/s ]
 INFO     Accumulating statistics...                                                                                          
 100% ━━━━━━━━━━━━━━━━━━━━━━━━━━━━━━━━━━━━━━━━━━━━━━━━━━━━━━━━━━━━━━━━━━━━━━━━━━━━━━━━━━━━ 2/1  [ 0:00:01 < 0:00:00 , ? it/s ]
 INFO     monophone - Iteration 4 of 40                                                                                       
 INFO     Generating alignments...                                                                                            
 100% ━━━━━━━━━━━━━━━━━━━━━━━━━━━━━━━━━━━━━━━━━━━━━━━━━━━━━━━━━━━━━━━━━━━━━━━━━━━━━━━━━━━━ 1/1  [ 0:00:05 < 0:00:00 , ? it/s ]
 INFO     Accumulating statistics...                                                                                          
 100% ━━━━━━━━━━━━━━━━━━━━━━━━━━━━━━━━━━━━━━━━━━━━━━━━━━━━━━━━━━━━━━━━━━━━━━━━━━━━━━━━━━━━ 2/1  [ 0:00:01 < 0:00:00 , ? it/s ]
 INFO     monophone - Iteration 5 of 40                                                                                       
 INFO     Generating alignments...                                                                                            
 100% ━━━━━━━━━━━━━━━━━━━━━━━━━━━━━━━━━━━━━━━━━━━━━━━━━━━━━━━━━━━━━━━━━━━━━━━━━━━━━━━━━━━━ 1/1  [ 0:00:05 < 0:00:00 , ? it/s ]
 INFO     Accumulating statistics...                                                                                          
 100% ━━━━━━━━━━━━━━━━━━━━━━━━━━━━━━━━━━━━━━━━━━━━━━━━━━━━━━━━━━━━━━━━━━━━━━━━━━━━━━━━━━━━ 2/1  [ 0:00:01 < 0:00:00 , ? it/s ]
 INFO     monophone - Iteration 6 of 40                                                                                       
 INFO     Generating alignments...                                                                                            
 100% ━━━━━━━━━━━━━━━━━━━━━━━━━━━━━━━━━━━━━━━━━━━━━━━━━━━━━━━━━━━━━━━━━━━━━━━━━━━━━━━━━━━━ 1/1  [ 0:00:05 < 0:00:00 , ? it/s ]
 INFO     Accumulating statistics...                                                                                          
 100% ━━━━━━━━━━━━━━━━━━━━━━━━━━━━━━━━━━━━━━━━━━━━━━━━━━━━━━━━━━━━━━━━━━━━━━━━━━━━━━━━━━━━ 2/1  [ 0:00:01 < 0:00:00 , ? it/s ]
 INFO     monophone - Iteration 7 of 40                                                                                       
 INFO     Generating alignments...                                                                                            
 100% ━━━━━━━━━━━━━━━━━━━━━━━━━━━━━━━━━━━━━━━━━━━━━━━━━━━━━━━━━━━━━━━━━━━━━━━━━━━━━━━━━━━━ 1/1  [ 0:00:04 < 0:00:00 , ? it/s ]
 INFO     Accumulating statistics...                                                                                          
 100% ━━━━━━━━━━━━━━━━━━━━━━━━━━━━━━━━━━━━━━━━━━━━━━━━━━━━━━━━━━━━━━━━━━━━━━━━━━━━━━━━━━━━ 2/1  [ 0:00:01 < 0:00:00 , ? it/s ]
 INFO     monophone - Iteration 8 of 40                                                                                       
 INFO     Generating alignments...                                                                                            
 100% ━━━━━━━━━━━━━━━━━━━━━━━━━━━━━━━━━━━━━━━━━━━━━━━━━━━━━━━━━━━━━━━━━━━━━━━━━━━━━━━━━━━━ 1/1  [ 0:00:04 < 0:00:00 , ? it/s ]
 INFO     Accumulating statistics...                                                                                          
 100% ━━━━━━━━━━━━━━━━━━━━━━━━━━━━━━━━━━━━━━━━━━━━━━━━━━━━━━━━━━━━━━━━━━━━━━━━━━━━━━━━━━━━ 2/1  [ 0:00:01 < 0:00:00 , ? it/s ]
 INFO     monophone - Iteration 9 of 40                                                                                       
 INFO     Generating alignments...                                                                                            
 100% ━━━━━━━━━━━━━━━━━━━━━━━━━━━━━━━━━━━━━━━━━━━━━━━━━━━━━━━━━━━━━━━━━━━━━━━━━━━━━━━━━━━━ 1/1  [ 0:00:03 < 0:00:00 , ? it/s ]
 INFO     Accumulating statistics...                                                                                          
 100% ━━━━━━━━━━━━━━━━━━━━━━━━━━━━━━━━━━━━━━━━━━━━━━━━━━━━━━━━━━━━━━━━━━━━━━━━━━━━━━━━━━━━ 2/1  [ 0:00:01 < 0:00:00 , ? it/s ]
 INFO     monophone - Iteration 10 of 40                                                                                      
 INFO     Generating alignments...                                                                                            
 100% ━━━━━━━━━━━━━━━━━━━━━━━━━━━━━━━━━━━━━━━━━━━━━━━━━━━━━━━━━━━━━━━━━━━━━━━━━━━━━━━━━━━━ 1/1  [ 0:00:03 < 0:00:00 , ? it/s ]
 INFO     Accumulating statistics...                                                                                          
 100% ━━━━━━━━━━━━━━━━━━━━━━━━━━━━━━━━━━━━━━━━━━━━━━━━━━━━━━━━━━━━━━━━━━━━━━━━━━━━━━━━━━━━ 2/1  [ 0:00:01 < 0:00:00 , ? it/s ]
 INFO     monophone - Iteration 11 of 40                                                                                      
 INFO     Accumulating statistics...                                                                                          
 100% ━━━━━━━━━━━━━━━━━━━━━━━━━━━━━━━━━━━━━━━━━━━━━━━━━━━━━━━━━━━━━━━━━━━━━━━━━━━━━━━━━━━━ 2/1  [ 0:00:01 < 0:00:00 , ? it/s ]
 INFO     monophone - Iteration 12 of 40                                                                                      
 INFO     Generating alignments...                                                                                            
 100% ━━━━━━━━━━━━━━━━━━━━━━━━━━━━━━━━━━━━━━━━━━━━━━━━━━━━━━━━━━━━━━━━━━━━━━━━━━━━━━━━━━━━ 1/1  [ 0:00:03 < 0:00:00 , ? it/s ]
 INFO     Accumulating statistics...                                                                                          
 100% ━━━━━━━━━━━━━━━━━━━━━━━━━━━━━━━━━━━━━━━━━━━━━━━━━━━━━━━━━━━━━━━━━━━━━━━━━━━━━━━━━━━━ 2/1  [ 0:00:01 < 0:00:00 , ? it/s ]
 INFO     monophone - Iteration 13 of 40                                                                                      
 INFO     Accumulating statistics...                                                                                          
 100% ━━━━━━━━━━━━━━━━━━━━━━━━━━━━━━━━━━━━━━━━━━━━━━━━━━━━━━━━━━━━━━━━━━━━━━━━━━━━━━━━━━━━ 2/1  [ 0:00:01 < 0:00:00 , ? it/s ]
 INFO     monophone - Iteration 14 of 40                                                                                      
 INFO     Generating alignments...                                                                                            
 100% ━━━━━━━━━━━━━━━━━━━━━━━━━━━━━━━━━━━━━━━━━━━━━━━━━━━━━━━━━━━━━━━━━━━━━━━━━━━━━━━━━━━━ 1/1  [ 0:00:03 < 0:00:00 , ? it/s ]
 INFO     Accumulating statistics...                                                                                          
 100% ━━━━━━━━━━━━━━━━━━━━━━━━━━━━━━━━━━━━━━━━━━━━━━━━━━━━━━━━━━━━━━━━━━━━━━━━━━━━━━━━━━━━ 2/1  [ 0:00:01 < 0:00:00 , ? it/s ]
 INFO     monophone - Iteration 15 of 40                                                                                      
 INFO     Accumulating statistics...                                                                                          
 100% ━━━━━━━━━━━━━━━━━━━━━━━━━━━━━━━━━━━━━━━━━━━━━━━━━━━━━━━━━━━━━━━━━━━━━━━━━━━━━━━━━━━━ 2/1  [ 0:00:01 < 0:00:00 , ? it/s ]
 INFO     monophone - Iteration 16 of 40                                                                                      
 INFO     Generating alignments...                                                                                            
 100% ━━━━━━━━━━━━━━━━━━━━━━━━━━━━━━━━━━━━━━━━━━━━━━━━━━━━━━━━━━━━━━━━━━━━━━━━━━━━━━━━━━━━ 1/1  [ 0:00:03 < 0:00:00 , ? it/s ]
 INFO     Accumulating statistics...                                                                                          
 100% ━━━━━━━━━━━━━━━━━━━━━━━━━━━━━━━━━━━━━━━━━━━━━━━━━━━━━━━━━━━━━━━━━━━━━━━━━━━━━━━━━━━━ 2/1  [ 0:00:01 < 0:00:00 , ? it/s ]
 INFO     monophone - Iteration 17 of 40                                                                                      
 INFO     Accumulating statistics...                                                                                          
 100% ━━━━━━━━━━━━━━━━━━━━━━━━━━━━━━━━━━━━━━━━━━━━━━━━━━━━━━━━━━━━━━━━━━━━━━━━━━━━━━━━━━━━ 2/1  [ 0:00:01 < 0:00:00 , ? it/s ]
 INFO     monophone - Iteration 18 of 40                                                                                      
 INFO     Generating alignments...                                                                                            
 100% ━━━━━━━━━━━━━━━━━━━━━━━━━━━━━━━━━━━━━━━━━━━━━━━━━━━━━━━━━━━━━━━━━━━━━━━━━━━━━━━━━━━━ 1/1  [ 0:00:03 < 0:00:00 , ? it/s ]
 INFO     Accumulating statistics...                                                                                          
 100% ━━━━━━━━━━━━━━━━━━━━━━━━━━━━━━━━━━━━━━━━━━━━━━━━━━━━━━━━━━━━━━━━━━━━━━━━━━━━━━━━━━━━ 2/1  [ 0:00:01 < 0:00:00 , ? it/s ]
 INFO     monophone - Iteration 19 of 40                                                                                      
 INFO     Accumulating statistics...                                                                                          
 100% ━━━━━━━━━━━━━━━━━━━━━━━━━━━━━━━━━━━━━━━━━━━━━━━━━━━━━━━━━━━━━━━━━━━━━━━━━━━━━━━━━━━━ 2/1  [ 0:00:01 < 0:00:00 , ? it/s ]
 INFO     monophone - Iteration 20 of 40                                                                                      
 INFO     Generating alignments...                                                                                            
 100% ━━━━━━━━━━━━━━━━━━━━━━━━━━━━━━━━━━━━━━━━━━━━━━━━━━━━━━━━━━━━━━━━━━━━━━━━━━━━━━━━━━━━ 1/1  [ 0:00:03 < 0:00:00 , ? it/s ]
 INFO     Accumulating statistics...                                                                                          
 100% ━━━━━━━━━━━━━━━━━━━━━━━━━━━━━━━━━━━━━━━━━━━━━━━━━━━━━━━━━━━━━━━━━━━━━━━━━━━━━━━━━━━━ 2/1  [ 0:00:01 < 0:00:00 , ? it/s ]
 INFO     monophone - Iteration 21 of 40                                                                                      
 INFO     Accumulating statistics...                                                                                          
 100% ━━━━━━━━━━━━━━━━━━━━━━━━━━━━━━━━━━━━━━━━━━━━━━━━━━━━━━━━━━━━━━━━━━━━━━━━━━━━━━━━━━━━ 2/1  [ 0:00:01 < 0:00:00 , ? it/s ]
 INFO     monophone - Iteration 22 of 40                                                                                      
 INFO     Accumulating statistics...                                                                                          
 100% ━━━━━━━━━━━━━━━━━━━━━━━━━━━━━━━━━━━━━━━━━━━━━━━━━━━━━━━━━━━━━━━━━━━━━━━━━━━━━━━━━━━━ 2/1  [ 0:00:01 < 0:00:00 , ? it/s ]
 INFO     monophone - Iteration 23 of 40                                                                                      
 INFO     Generating alignments...                                                                                            
 100% ━━━━━━━━━━━━━━━━━━━━━━━━━━━━━━━━━━━━━━━━━━━━━━━━━━━━━━━━━━━━━━━━━━━━━━━━━━━━━━━━━━━━ 1/1  [ 0:00:03 < 0:00:00 , ? it/s ]
 INFO     Accumulating statistics...                                                                                          
 100% ━━━━━━━━━━━━━━━━━━━━━━━━━━━━━━━━━━━━━━━━━━━━━━━━━━━━━━━━━━━━━━━━━━━━━━━━━━━━━━━━━━━━ 2/1  [ 0:00:01 < 0:00:00 , ? it/s ]
 INFO     monophone - Iteration 24 of 40                                                                                      
 INFO     Accumulating statistics...                                                                                          
 100% ━━━━━━━━━━━━━━━━━━━━━━━━━━━━━━━━━━━━━━━━━━━━━━━━━━━━━━━━━━━━━━━━━━━━━━━━━━━━━━━━━━━━ 2/1  [ 0:00:01 < 0:00:00 , ? it/s ]
 INFO     monophone - Iteration 25 of 40                                                                                      
 INFO     Accumulating statistics...                                                                                          
 100% ━━━━━━━━━━━━━━━━━━━━━━━━━━━━━━━━━━━━━━━━━━━━━━━━━━━━━━━━━━━━━━━━━━━━━━━━━━━━━━━━━━━━ 2/1  [ 0:00:01 < 0:00:00 , ? it/s ]
 INFO     monophone - Iteration 26 of 40                                                                                      
 INFO     Generating alignments...                                                                                            
 100% ━━━━━━━━━━━━━━━━━━━━━━━━━━━━━━━━━━━━━━━━━━━━━━━━━━━━━━━━━━━━━━━━━━━━━━━━━━━━━━━━━━━━ 1/1  [ 0:00:03 < 0:00:00 , ? it/s ]
 INFO     Accumulating statistics...                                                                                          
 100% ━━━━━━━━━━━━━━━━━━━━━━━━━━━━━━━━━━━━━━━━━━━━━━━━━━━━━━━━━━━━━━━━━━━━━━━━━━━━━━━━━━━━ 2/1  [ 0:00:01 < 0:00:00 , ? it/s ]
 INFO     monophone - Iteration 27 of 40                                                                                      
 INFO     Accumulating statistics...                                                                                          
 100% ━━━━━━━━━━━━━━━━━━━━━━━━━━━━━━━━━━━━━━━━━━━━━━━━━━━━━━━━━━━━━━━━━━━━━━━━━━━━━━━━━━━━ 2/1  [ 0:00:01 < 0:00:00 , ? it/s ]
 INFO     monophone - Iteration 28 of 40                                                                                      
 INFO     Accumulating statistics...                                                                                          
 100% ━━━━━━━━━━━━━━━━━━━━━━━━━━━━━━━━━━━━━━━━━━━━━━━━━━━━━━━━━━━━━━━━━━━━━━━━━━━━━━━━━━━━ 2/1  [ 0:00:01 < 0:00:00 , ? it/s ]
 INFO     monophone - Iteration 29 of 40                                                                                      
 INFO     Generating alignments...                                                                                            
 100% ━━━━━━━━━━━━━━━━━━━━━━━━━━━━━━━━━━━━━━━━━━━━━━━━━━━━━━━━━━━━━━━━━━━━━━━━━━━━━━━━━━━━ 1/1  [ 0:00:03 < 0:00:00 , ? it/s ]
 INFO     Accumulating statistics...                                                                                          
 100% ━━━━━━━━━━━━━━━━━━━━━━━━━━━━━━━━━━━━━━━━━━━━━━━━━━━━━━━━━━━━━━━━━━━━━━━━━━━━━━━━━━━━ 2/1  [ 0:00:01 < 0:00:00 , ? it/s ]
 INFO     monophone - Iteration 30 of 40                                                                                      
 INFO     Accumulating statistics...                                                                                          
 100% ━━━━━━━━━━━━━━━━━━━━━━━━━━━━━━━━━━━━━━━━━━━━━━━━━━━━━━━━━━━━━━━━━━━━━━━━━━━━━━━━━━━━ 2/1  [ 0:00:01 < 0:00:00 , ? it/s ]
 INFO     monophone - Iteration 31 of 40                                                                                      
 INFO     Accumulating statistics...                                                                                          
 100% ━━━━━━━━━━━━━━━━━━━━━━━━━━━━━━━━━━━━━━━━━━━━━━━━━━━━━━━━━━━━━━━━━━━━━━━━━━━━━━━━━━━━ 2/1  [ 0:00:01 < 0:00:00 , ? it/s ]
 INFO     monophone - Iteration 32 of 40                                                                                      
 INFO     Generating alignments...                                                                                            
 100% ━━━━━━━━━━━━━━━━━━━━━━━━━━━━━━━━━━━━━━━━━━━━━━━━━━━━━━━━━━━━━━━━━━━━━━━━━━━━━━━━━━━━ 1/1  [ 0:00:03 < 0:00:00 , ? it/s ]
 INFO     Accumulating statistics...                                                                                          
 100% ━━━━━━━━━━━━━━━━━━━━━━━━━━━━━━━━━━━━━━━━━━━━━━━━━━━━━━━━━━━━━━━━━━━━━━━━━━━━━━━━━━━━ 2/1  [ 0:00:01 < 0:00:00 , ? it/s ]
 INFO     monophone - Iteration 33 of 40                                                                                      
 INFO     Accumulating statistics...                                                                                          
 100% ━━━━━━━━━━━━━━━━━━━━━━━━━━━━━━━━━━━━━━━━━━━━━━━━━━━━━━━━━━━━━━━━━━━━━━━━━━━━━━━━━━━━ 2/1  [ 0:00:01 < 0:00:00 , ? it/s ]
 INFO     monophone - Iteration 34 of 40                                                                                      
 INFO     Accumulating statistics...                                                                                          
 100% ━━━━━━━━━━━━━━━━━━━━━━━━━━━━━━━━━━━━━━━━━━━━━━━━━━━━━━━━━━━━━━━━━━━━━━━━━━━━━━━━━━━━ 2/1  [ 0:00:01 < 0:00:00 , ? it/s ]
 INFO     monophone - Iteration 35 of 40                                                                                      
 INFO     Generating alignments...                                                                                            
 100% ━━━━━━━━━━━━━━━━━━━━━━━━━━━━━━━━━━━━━━━━━━━━━━━━━━━━━━━━━━━━━━━━━━━━━━━━━━━━━━━━━━━━ 1/1  [ 0:00:02 < 0:00:00 , ? it/s ]
 INFO     Accumulating statistics...                                                                                          
 100% ━━━━━━━━━━━━━━━━━━━━━━━━━━━━━━━━━━━━━━━━━━━━━━━━━━━━━━━━━━━━━━━━━━━━━━━━━━━━━━━━━━━━ 2/1  [ 0:00:01 < 0:00:00 , ? it/s ]
 INFO     monophone - Iteration 36 of 40                                                                                      
 INFO     Accumulating statistics...                                                                                          
 100% ━━━━━━━━━━━━━━━━━━━━━━━━━━━━━━━━━━━━━━━━━━━━━━━━━━━━━━━━━━━━━━━━━━━━━━━━━━━━━━━━━━━━ 2/1  [ 0:00:01 < 0:00:00 , ? it/s ]
 INFO     monophone - Iteration 37 of 40                                                                                      
 INFO     Accumulating statistics...                                                                                          
 100% ━━━━━━━━━━━━━━━━━━━━━━━━━━━━━━━━━━━━━━━━━━━━━━━━━━━━━━━━━━━━━━━━━━━━━━━━━━━━━━━━━━━━ 2/1  [ 0:00:01 < 0:00:00 , ? it/s ]
 INFO     monophone - Iteration 38 of 40                                                                                      
 INFO     Generating alignments...                                                                                            
 100% ━━━━━━━━━━━━━━━━━━━━━━━━━━━━━━━━━━━━━━━━━━━━━━━━━━━━━━━━━━━━━━━━━━━━━━━━━━━━━━━━━━━━ 1/1  [ 0:00:02 < 0:00:00 , ? it/s ]
 INFO     Accumulating statistics...                                                                                          
 100% ━━━━━━━━━━━━━━━━━━━━━━━━━━━━━━━━━━━━━━━━━━━━━━━━━━━━━━━━━━━━━━━━━━━━━━━━━━━━━━━━━━━━ 2/1  [ 0:00:01 < 0:00:00 , ? it/s ]
 INFO     monophone - Iteration 39 of 40                                                                                      
 INFO     Accumulating statistics...                                                                                          
 100% ━━━━━━━━━━━━━━━━━━━━━━━━━━━━━━━━━━━━━━━━━━━━━━━━━━━━━━━━━━━━━━━━━━━━━━━━━━━━━━━━━━━━ 2/1  [ 0:00:01 < 0:00:00 , ? it/s ]
 INFO     monophone - Iteration 40 of 40                                                                                      
 INFO     Accumulating statistics...                                                                                          
 100% ━━━━━━━━━━━━━━━━━━━━━━━━━━━━━━━━━━━━━━━━━━━━━━━━━━━━━━━━━━━━━━━━━━━━━━━━━━━━━━━━━━━━ 2/1  [ 0:00:01 < 0:00:00 , ? it/s ]
 INFO     Training complete!                                                                                                  
 INFO     Compiling training graphs...                                                                                        
 INFO     Generating alignments...                                                                                            
 100% ━━━━━━━━━━━━━━━━━━━━━━━━━━━━━━━━━━━━━━━━━━━━━━━━━━━━━━━━━━━━━━━━━━━━━━━━━━━━━━━━━━━━ 1/1  [ 0:00:02 < 0:00:00 , ? it/s ]
 INFO     Accumulating transition stats...                                                                                    
 100% ━━━━━━━━━━━━━━━━━━━━━━━━━━━━━━━━━━━━━━━━━━━━━━━━━━━━━━━━━━━━━━━━━━━━━━━━━━━━━━━━━━━━ 2/1  [ 0:00:01 < 0:00:00 , ? it/s ]
 INFO     Finished accumulating transition stats!                                                                             
 INFO     Collecting phone and word alignments from monophone_ali lattices...                                                 
 100% ━━━━━━━━━━━━━━━━━━━━━━━━━━━━━━━━━━━━━━━━━━━━━━━━━━━━━━━━━━━━━━━━━━━━━━━━━━━━━━━━━━━━ 1/1  [ 0:00:01 < 0:00:00 , ? it/s ]
 WARNING  Alignment analysis not available without using postgresql                                                           
 INFO     Beginning phone LM training...                                                                                      
 INFO     Collecting training data...                                                                                         
 100% ━━━━━━━━━━━━━━━━━━━━━━━━━━━━━━━━━━━━━━━━━━━━━━━━━━━━━━━━━━━━━━━━━━━━━━━━━━━━━━━━━━━━ 1/1  [ 0:00:01 < 0:00:00 , ? it/s ]
 INFO     Training model...                                                                                                   
 INFO     Completed training in 153.86165285110474 seconds!                                                                   
 INFO     Done! Everything took 165.907 seconds                                                                               
----- align -----
 INFO     Setting up corpus information...                                                                                    
 INFO     Loading corpus from source files...                                                                                 
   1% ╸                                                                                  1/100  [ 0:00:01 < -:--:-- , ? it/s ]
 INFO     Found 1 speaker across 1 file, average number of utterances per speaker: 1.0                                        
 INFO     Initializing multiprocessing jobs...                                                                                
 INFO     Normalizing text...                                                                                                 
 100% ━━━━━━━━━━━━━━━━━━━━━━━━━━━━━━━━━━━━━━━━━━━━━━━━━━━━━━━━━━━━━━━━━━━━━━━━━━━━━━━━━━━━ 1/1  [ 0:00:01 < 0:00:00 , ? it/s ]
 INFO     Generating MFCCs...                                                                                                 
 100% ━━━━━━━━━━━━━━━━━━━━━━━━━━━━━━━━━━━━━━━━━━━━━━━━━━━━━━━━━━━━━━━━━━━━━━━━━━━━━━━━━━━━ 1/1  [ 0:00:01 < 0:00:00 , ? it/s ]
 INFO     Calculating CMVN...                                                                                                 
 INFO     Generating final features...                                                                                        
 100% ━━━━━━━━━━━━━━━━━━━━━━━━━━━━━━━━━━━━━━━━━━━━━━━━━━━━━━━━━━━━━━━━━━━━━━━━━━━━━━━━━━━━ 1/1  [ 0:00:01 < 0:00:00 , ? it/s ]
 INFO     Creating corpus split...                                                                                            
 100% ━━━━━━━━━━━━━━━━━━━━━━━━━━━━━━━━━━━━━━━━━━━━━━━━━━━━━━━━━━━━━━━━━━━━━━━━━━━━━━━━━━━━ 1/1  [ 0:00:01 < 0:00:00 , ? it/s ]
 INFO     Compiling training graphs...                                                                                        
 INFO     Performing first-pass alignment...                                                                                  
 INFO     Generating alignments...                                                                                            
 100% ━━━━━━━━━━━━━━━━━━━━━━━━━━━━━━━━━━━━━━━━━━━━━━━━━━━━━━━━━━━━━━━━━━━━━━━━━━━━━━━━━━━━ 1/1  [ 0:01:24 < 0:00:00 , ? it/s ]
 WARNING  Alignment analysis not available without using postgresql                                                           
 INFO     Exporting alignment TextGrids to songs/Recreant/4mfa...                                                             
 INFO     Collecting phone and word alignments from alignment lattices...                                                     
 100% ━━━━━━━━━━━━━━━━━━━━━━━━━━━━━━━━━━━━━━━━━━━━━━━━━━━━━━━━━━━━━━━━━━━━━━━━━━━━━━━━━━━━ 1/1  [ 0:00:02 < 0:00:00 , ? it/s ]
 100% ━━━━━━━━━━━━━━━━━━━━━━━━━━━━━━━━━━━━━━━━━━━━━━━━━━━━━━━━━━━━━━━━━━━━━━━━━━━━━━━━━━━━ 1/1  [ 0:00:00 < 0:00:00 , ? it/s ]
 INFO     Finished exporting TextGrids to songs/Recreant/4mfa!                                                                
 INFO     Done! Everything took 129.877 seconds                                                                               
