----- Download models -----
Local version of model already exists (/mfa/pretrained_models/acoustic/english_us_arpa.zip). Use the --ignore_cache flag to force redownloading.
Local version of model already exists (/mfa/pretrained_models/dictionary/english_us_arpa.dict). Use the --ignore_cache flag to force redownloading.
----- validate files -----
 INFO     Setting up corpus information...                                                                                    
 INFO     Found 1 speaker across 1 file, average number of utterances per speaker: 1.0                                        
 INFO     Initializing multiprocessing jobs...                                                                                
 INFO     Text already normalized.                                                                                            
 INFO     Features already generated.                                                                                         
 INFO     Corpus                                                                                                              
 INFO     1 sound files                                                                                                       
 INFO     1 text files                                                                                                        
 INFO     1 speakers                                                                                                          
 INFO     1 utterances                                                                                                        
 INFO     267.162 seconds total duration                                                                                      
 INFO     Sound file read errors                                                                                              
 INFO     There were no issues reading sound files.                                                                           
 INFO     Feature generation                                                                                                  
 INFO     There were no utterances missing features.                                                                          
 INFO     Files without transcriptions                                                                                        
 INFO     There were no sound files missing transcriptions.                                                                   
 INFO     Transcriptions without sound files                                                                                  
 INFO     There were no transcription files missing sound files.                                                              
 INFO     Dictionary                                                                                                          
 INFO     Out of vocabulary words                                                                                             
 WARNING  9 OOV word types                                                                                                    
 WARNING  12total OOV tokens                                                                                                  
 WARNING  For a full list of the word types, please see: songs/Recreant/4mfa/temp/4mfa/oovs_found.txt. For a by-utterance     
          breakdown of missing words, see: songs/Recreant/4mfa/temp/4mfa/utterance_oovs.txt                                   
 INFO     Training                                                                                                            
 INFO     Compiling training graphs...                                                                                        
 ERROR    There was an error in the run, please see the log.                                                                  
Exception ignored in atexit callback: <bound method ExitHooks.history_save_handler of <montreal_forced_aligner.command_line.mfa.ExitHooks object at 0x7fdaf715b690>>
Traceback (most recent call last):
  File "/env/lib/python3.11/site-packages/montreal_forced_aligner/command_line/mfa.py", line 106, in history_save_handler
    raise self.exception
  File "/env/bin/mfa", line 8, in <module>
    sys.exit(mfa_cli())
             ^^^^^^^^^
  File "/env/lib/python3.11/site-packages/rich_click/rich_command.py", line 367, in __call__
    return super().__call__(*args, **kwargs)
           ^^^^^^^^^^^^^^^^^^^^^^^^^^^^^^^^^
  File "/env/lib/python3.11/site-packages/click/core.py", line 1157, in __call__
    return self.main(*args, **kwargs)
           ^^^^^^^^^^^^^^^^^^^^^^^^^^
  File "/env/lib/python3.11/site-packages/rich_click/rich_command.py", line 152, in main
    rv = self.invoke(ctx)
         ^^^^^^^^^^^^^^^^
  File "/env/lib/python3.11/site-packages/click/core.py", line 1688, in invoke
    return _process_result(sub_ctx.command.invoke(sub_ctx))
                           ^^^^^^^^^^^^^^^^^^^^^^^^^^^^^^^
  File "/env/lib/python3.11/site-packages/click/core.py", line 1434, in invoke
    return ctx.invoke(self.callback, **ctx.params)
           ^^^^^^^^^^^^^^^^^^^^^^^^^^^^^^^^^^^^^^^
  File "/env/lib/python3.11/site-packages/click/core.py", line 783, in invoke
    return __callback(*args, **kwargs)
           ^^^^^^^^^^^^^^^^^^^^^^^^^^^
  File "/env/lib/python3.11/site-packages/click/decorators.py", line 33, in new_func
    return f(get_current_context(), *args, **kwargs)
           ^^^^^^^^^^^^^^^^^^^^^^^^^^^^^^^^^^^^^^^^^
  File "/env/lib/python3.11/site-packages/montreal_forced_aligner/command_line/validate.py", line 137, in validate_corpus_cli
    validator.validate()
  File "/env/lib/python3.11/site-packages/montreal_forced_aligner/validation/corpus_validator.py", line 512, in validate
    self.train()
  File "/env/lib/python3.11/site-packages/montreal_forced_aligner/acoustic_modeling/trainer.py", line 619, in train
    self.align()
  File "/env/lib/python3.11/site-packages/montreal_forced_aligner/acoustic_modeling/trainer.py", line 764, in align
    self.compile_train_graphs()
  File "/env/lib/python3.11/site-packages/montreal_forced_aligner/alignment/mixins.py", line 241, in compile_train_graphs
    for _ in run_kaldi_function(CompileTrainGraphsFunction, arguments):
  File "/env/lib/python3.11/site-packages/montreal_forced_aligner/utils.py", line 732, in run_kaldi_function
    raise v
  File "/env/lib/python3.11/site-packages/montreal_forced_aligner/utils.py", line 537, in run
    self.function.run()
  File "/env/lib/python3.11/site-packages/montreal_forced_aligner/abc.py", line 108, in run
    raise MultiprocessingError(self.job_name, error_text)
montreal_forced_aligner.exceptions.MultiprocessingError: MultiprocessingError:

Job 1 encountered an error:
Traceback (most recent call last):

  File "/env/lib/python3.11/site-packages/montreal_forced_aligner/abc.py", line 104, in run
    self._run()

  File "/env/lib/python3.11/site-packages/montreal_forced_aligner/alignment/multiprocessing.py", line 423, in _run
    compiler = TrainingGraphCompiler(
               ^^^^^^^^^^^^^^^^^^^^^^

  File "/env/lib/python3.11/site-packages/kalpy/decoder/training_graphs.py", line 76, in __init__
    ReadKaldiObject(str(model_path), self.transition_model)

RuntimeError: kaldi::KaldiFatalError
----- align -----
 INFO     Alignment already done, skipping.                                                                                   
 WARNING  Alignment analysis not available without using postgresql                                                           
 INFO     Exporting alignment TextGrids to songs/Recreant/4mfa...                                                             
 100% ━━━━━━━━━━━━━━━━━━━━━━━━━━━━━━━━━━━━━━━━━━━━━━━━━━━━━━━━━━━━━━━━━━━━━━━━━━━━━━━━━━━━ 1/1  [ 0:00:00 < 0:00:00 , ? it/s ]
 INFO     Finished exporting TextGrids to songs/Recreant/4mfa!                                                                
 INFO     Done! Everything took 0.410 seconds                                                                                 
